{
  "RSpec": {
    "coverage": {
      "/Volumes/TardisUser/Users/jim/Documents/Presentations/EdgeCase/test_studio/labs/08_integration_testing/final/greed/config/environment.rb": [
        null,
        1,
        null,
        null,
        1
      ],
      "/Volumes/TardisUser/Users/jim/Documents/Presentations/EdgeCase/test_studio/labs/08_integration_testing/final/greed/config/application.rb": [
        1,
        null,
        1,
        null,
        1,
        null,
        1,
        null,
        null,
        null,
        null,
        1,
        1,
        null,
        null,
        null,
        null,
        null,
        null,
        null,
        null,
        null,
        null,
        null,
        null,
        null,
        null,
        null,
        null,
        null,
        null,
        null,
        null,
        null,
        null,
        null,
        1,
        null,
        null,
        1,
        null,
        null,
        null,
        null,
        null,
        null,
        null,
        null,
        null,
        null,
        1,
        null,
        null,
        1,
        null,
        null,
        1,
        null,
        null
      ],
      "/Volumes/TardisUser/Users/jim/Documents/Presentations/EdgeCase/test_studio/labs/08_integration_testing/final/greed/config/boot.rb": [
        1,
        null,
        null,
        1,
        null,
        1
      ],
      "/Volumes/TardisUser/Users/jim/Documents/Presentations/EdgeCase/test_studio/labs/08_integration_testing/final/greed/config/environments/test.rb": [
        1,
        null,
        null,
        null,
        null,
        null,
        null,
        1,
        null,
        null,
        1,
        1,
        null,
        null,
        1,
        null,
        null,
        1,
        1,
        null,
        null,
        1,
        null,
        null,
        1,
        null,
        null,
        null,
        null,
        1,
        null,
        null,
        1,
        null,
        null,
        1,
        null
      ],
      "/Volumes/TardisUser/Users/jim/Documents/Presentations/EdgeCase/test_studio/labs/08_integration_testing/final/greed/config/initializers/backtrace_silencers.rb": [
        null,
        null,
        null,
        null,
        null,
        null,
        null
      ],
      "/Volumes/TardisUser/Users/jim/Documents/Presentations/EdgeCase/test_studio/labs/08_integration_testing/final/greed/config/initializers/inflections.rb": [
        null,
        null,
        null,
        null,
        null,
        null,
        null,
        null,
        null,
        null,
        null,
        null,
        null,
        null,
        null
      ],
      "/Volumes/TardisUser/Users/jim/Documents/Presentations/EdgeCase/test_studio/labs/08_integration_testing/final/greed/config/initializers/mime_types.rb": [
        null,
        null,
        null,
        null,
        null
      ],
      "/Volumes/TardisUser/Users/jim/Documents/Presentations/EdgeCase/test_studio/labs/08_integration_testing/final/greed/config/initializers/secret_token.rb": [
        null,
        null,
        null,
        null,
        null,
        null,
        1
      ],
      "/Volumes/TardisUser/Users/jim/Documents/Presentations/EdgeCase/test_studio/labs/08_integration_testing/final/greed/config/initializers/session_store.rb": [
        null,
        null,
        1,
        null,
        null,
        null,
        null,
        null
      ],
      "/Volumes/TardisUser/Users/jim/Documents/Presentations/EdgeCase/test_studio/labs/08_integration_testing/final/greed/config/initializers/wrap_parameters.rb": [
        null,
        null,
        null,
        null,
        null,
        null,
        1,
        1,
        null,
        null,
        null,
        1,
        1,
        null
      ],
      "/Volumes/TardisUser/Users/jim/Documents/Presentations/EdgeCase/test_studio/labs/08_integration_testing/final/greed/app/controllers/application_controller.rb": [
        1,
        1,
        null
      ],
      "/Volumes/TardisUser/Users/jim/Documents/Presentations/EdgeCase/test_studio/labs/08_integration_testing/final/greed/app/helpers/application_helper.rb": [
        1,
        null
      ],
      "/Volumes/TardisUser/Users/jim/Documents/Presentations/EdgeCase/test_studio/labs/08_integration_testing/final/greed/app/helpers/games_helper.rb": [
        1,
        null
      ],
      "/Volumes/TardisUser/Users/jim/Documents/Presentations/EdgeCase/test_studio/labs/08_integration_testing/final/greed/app/helpers/members_helper.rb": [
        1,
        null
      ],
      "/Volumes/TardisUser/Users/jim/Documents/Presentations/EdgeCase/test_studio/labs/08_integration_testing/final/greed/app/controllers/games_controller.rb": [
        1,
        1,
        4,
        4,
        null,
        null,
        1,
        3,
        3,
        3,
        3,
        3,
        3,
        null,
        null
      ],
      "/Volumes/TardisUser/Users/jim/Documents/Presentations/EdgeCase/test_studio/labs/08_integration_testing/final/greed/app/models/game.rb": [
        1,
        1,
        null,
        1,
        9,
        9,
        null,
        null,
        1,
        5,
        5,
        5,
        5,
        null,
        null,
        1,
        3,
        3,
        null,
        null
      ],
      "/Volumes/TardisUser/Users/jim/Documents/Presentations/EdgeCase/test_studio/labs/08_integration_testing/final/greed/app/controllers/members_controller.rb": [
        1,
        null,
        1,
        7,
        null,
        null,
        1,
        4,
        null,
        null,
        1,
        6,
        null,
        null,
        1,
        4,
        4,
        2,
        null,
        2,
        null,
        null,
        null,
        1,
        3,
        null,
        null,
        1,
        3,
        3,
        1,
        null,
        2,
        null,
        null,
        null,
        1,
        1,
        1,
        1,
        null,
        null,
        null
      ],
      "/Volumes/TardisUser/Users/jim/Documents/Presentations/EdgeCase/test_studio/labs/08_integration_testing/final/greed/app/models/member.rb": [
        1,
        1,
        null,
        1,
        1,
        1,
        null,
        1,
        null,
        1,
        5,
        null,
        null,
        1,
        2,
        null,
        null,
        1,
        8,
        null,
        null,
        1,
        8,
        null,
        null,
        1,
        null,
        1,
        16,
        null,
        null,
        1,
        16,
        null,
        null
      ],
      "/Volumes/TardisUser/Users/jim/Documents/Presentations/EdgeCase/test_studio/labs/08_integration_testing/final/greed/app/models/rfc822.rb": [
        1,
        1,
        null
      ],
      "/Volumes/TardisUser/Users/jim/Documents/Presentations/EdgeCase/test_studio/labs/08_integration_testing/final/greed/config/routes.rb": [
        1,
        1,
        null,
        1,
        1,
        null
      ],
      "/Volumes/TardisUser/Users/jim/Documents/Presentations/EdgeCase/test_studio/labs/08_integration_testing/final/greed/spec/support/be_invalid_on.rb": [
        1,
        1,
        1,
        6,
        6,
        6,
        6,
        0,
        0,
        null,
        6,
        6,
        0,
        0,
        null,
        0,
        0,
        null,
        6,
        null,
        null,
        null,
        null,
        6,
        0,
        null,
        null,
        6,
        0,
        null,
        null,
        null,
        null
      ],
      "/Volumes/TardisUser/Users/jim/Documents/Presentations/EdgeCase/test_studio/labs/08_integration_testing/final/greed/spec/controllers/members_controller_spec.rb": [
        1,
        null,
        1,
        20,
        20,
        null,
        1,
        2,
        4,
        null,
        4,
        null,
        2,
        2,
        2,
        null,
        null,
        1,
        4,
        null,
        4,
        null,
        2,
        2,
        2,
        null,
        null,
        1,
        4,
        null,
        4,
        null,
        2,
        2,
        2,
        null,
        null,
        1,
        4,
        4,
        4,
        3,
        3,
        null,
        null,
        null,
        4,
        null,
        1,
        2,
        2,
        null,
        null,
        1,
        3,
        2,
        2,
        null,
        null,
        null,
        1,
        4,
        4,
        4,
        null,
        4,
        null,
        2,
        2,
        2,
        null,
        null,
        1,
        4,
        4,
        4,
        4,
        null,
        4,
        null,
        1,
        2,
        2,
        null,
        null,
        1,
        3,
        2,
        2,
        null,
        null,
        null,
        1,
        2,
        2,
        2,
        2,
        null,
        2,
        null,
        2,
        null,
        null,
        null
      ],
      "/Volumes/TardisUser/Users/jim/Documents/Presentations/EdgeCase/test_studio/labs/08_integration_testing/final/greed/spec/helpers/games_helper_spec.rb": [
        1,
        null,
        null,
        null,
        null,
        null,
        null,
        null,
        null,
        null,
        null,
        null,
        1,
        null,
        null
      ],
      "/Volumes/TardisUser/Users/jim/Documents/Presentations/EdgeCase/test_studio/labs/08_integration_testing/final/greed/spec/helpers/members_helper_spec.rb": [
        1,
        null,
        null,
        null,
        null,
        null,
        null,
        null,
        null,
        null,
        null,
        null,
        1,
        null,
        null
      ],
      "/Volumes/TardisUser/Users/jim/Documents/Presentations/EdgeCase/test_studio/labs/08_integration_testing/final/greed/spec/models/game_spec.rb": [
        1,
        null,
        1,
        3,
        3,
        3,
        null,
        3,
        null,
        2,
        2,
        null
      ],
      "/Volumes/TardisUser/Users/jim/Documents/Presentations/EdgeCase/test_studio/labs/08_integration_testing/final/greed/spec/models/member_spec.rb": [
        1,
        null,
        1,
        14,
        2,
        8,
        null,
        1,
        1,
        2,
        null,
        null,
        1,
        2,
        2,
        null,
        null,
        1,
        2,
        2,
        null,
        null,
        1,
        2,
        2,
        null,
        null,
        1,
        2,
        2,
        null,
        null,
        1,
        2,
        2,
        null,
        null,
        1,
        2,
        2,
        null,
        null,
        null,
        1,
        1,
        12,
        null,
        null,
        7,
        null,
        1,
        3,
        null,
        1,
        2,
        2,
        null,
        null,
        1,
        2,
        2,
        null,
        null,
        null,
        1,
        3,
        null,
        1,
        2,
        2,
        null,
        null,
        1,
        2,
        2,
        null,
        null,
        null,
        1,
        3,
        null,
        1,
        2,
        2,
        null,
        null,
        1,
        2,
        2,
        null,
        null,
        null,
        null,
        1,
        2,
        2,
        null,
        2,
        null,
        2,
        null,
        null,
        1,
        2,
        2,
        null,
        2,
        null,
        2,
        null,
        null
      ],
      "/Volumes/TardisUser/Users/jim/Documents/Presentations/EdgeCase/test_studio/labs/08_integration_testing/final/greed/spec/requests/add_games_spec.rb": [
        1,
        null,
        1,
        1,
        1,
        1,
        1,
        null,
        null,
        null
      ],
      "/Volumes/TardisUser/Users/jim/Documents/Presentations/EdgeCase/test_studio/labs/08_integration_testing/final/greed/spec/requests/add_member_spec.rb": [
        1,
        null,
        1,
        1,
        5,
        2,
        null,
        1,
        4,
        2,
        1,
        1,
        null,
        null,
        1,
        1,
        1,
        1,
        1,
        1,
        null,
        1,
        1,
        1,
        1,
        null,
        null,
        null,
        null,
        null
      ]
    },
    "timestamp": 1336559847
  }
}
